<?xml version="1.0" encoding="UTF-8"?>
<testng-results skipped="0" failed="0" ignored="0" total="1" passed="1">
  <reporter-output>
  </reporter-output>
  <suite name="BDD Test Suite" duration-ms="19570" started-at="2019-12-22T03:06:27Z" finished-at="2019-12-22T03:06:47Z">
    <groups>
      <group name="cucumber">
        <method signature="AbstractTestNGCucumberTests.feature(cucumber.api.testng.CucumberFeatureWrapper)[pri:0, instance:runner.TestRun@3f0ee7cb]" name="feature" class="cucumber.api.testng.AbstractTestNGCucumberTests"/>
      </group> <!-- cucumber -->
    </groups>
    <test name="LoginTest" duration-ms="19570" started-at="2019-12-22T03:06:27Z" finished-at="2019-12-22T03:06:47Z">
      <class name="runner.TestRun">
        <test-method status="PASS" signature="setUpClass()[pri:0, instance:runner.TestRun@3f0ee7cb]" name="setUpClass" is-config="true" duration-ms="1036" started-at="2019-12-22T03:06:27Z" finished-at="2019-12-22T03:06:28Z">
          <reporter-output>
          </reporter-output>
        </test-method> <!-- setUpClass -->
        <test-method status="PASS" signature="feature(cucumber.api.testng.CucumberFeatureWrapper)[pri:0, instance:runner.TestRun@3f0ee7cb]" name="feature" duration-ms="17545" started-at="2019-12-22T03:06:29Z" description="Runs Cucumber Feature" data-provider="features" finished-at="2019-12-22T03:06:46Z">
          <params>
            <param index="0">
              <value>
                <![CDATA[LoginFeature]]>
              </value>
            </param>
          </params>
          <reporter-output>
          </reporter-output>
        </test-method> <!-- feature -->
        <test-method status="PASS" signature="tearDownClass()[pri:0, instance:runner.TestRun@3f0ee7cb]" name="tearDownClass" is-config="true" duration-ms="321" started-at="2019-12-22T03:06:46Z" finished-at="2019-12-22T03:06:47Z">
          <reporter-output>
          </reporter-output>
        </test-method> <!-- tearDownClass -->
      </class> <!-- runner.TestRun -->
    </test> <!-- LoginTest -->
  </suite> <!-- BDD Test Suite -->
</testng-results>
